<?xml version="1.0" encoding="UTF-8"?>
<testng-results ignored="0" total="4" passed="3" failed="1" skipped="0">
  <reporter-output>
  </reporter-output>
  <suite started-at="2024-06-28T14:55:18 IST" name="Default suite" finished-at="2024-06-28T14:57:03 IST" duration-ms="104869">
    <groups>
    </groups>
    <test started-at="2024-06-28T14:55:18 IST" name="Default test" finished-at="2024-06-28T14:57:03 IST" duration-ms="104869">
      <class name="Test.CartTest">
        <test-method is-config="true" signature="openApplication()[pri:0, instance:Test.CartTest@5fe94a96]" started-at="2024-06-28T14:55:18 IST" name="openApplication" finished-at="2024-06-28T14:55:45 IST" duration-ms="27123" status="PASS">
          <reporter-output>
          </reporter-output>
        </test-method> <!-- openApplication -->
        <test-method signature="VerifyAddtocartbyaddingtwoproducts()[pri:0, instance:Test.CartTest@5fe94a96]" started-at="2024-06-28T14:55:45 IST" name="VerifyAddtocartbyaddingtwoproducts" finished-at="2024-06-28T14:56:01 IST" duration-ms="15989" status="PASS">
          <reporter-output>
          </reporter-output>
        </test-method> <!-- VerifyAddtocartbyaddingtwoproducts -->
        <test-method is-config="true" signature="closeNaaptol()[pri:0, instance:Test.CartTest@5fe94a96]" started-at="2024-06-28T14:56:01 IST" name="closeNaaptol" finished-at="2024-06-28T14:56:01 IST" duration-ms="172" status="PASS">
          <reporter-output>
          </reporter-output>
        </test-method> <!-- closeNaaptol -->
        <test-method is-config="true" signature="openApplication()[pri:0, instance:Test.CartTest@5fe94a96]" started-at="2024-06-28T14:56:01 IST" name="openApplication" finished-at="2024-06-28T14:56:09 IST" duration-ms="7797" status="PASS">
          <reporter-output>
          </reporter-output>
        </test-method> <!-- openApplication -->
        <test-method signature="VerifyByRemovingproductsfromCart()[pri:0, instance:Test.CartTest@5fe94a96]" started-at="2024-06-28T14:56:09 IST" name="VerifyByRemovingproductsfromCart" finished-at="2024-06-28T14:56:21 IST" duration-ms="12024" status="PASS">
          <reporter-output>
          </reporter-output>
        </test-method> <!-- VerifyByRemovingproductsfromCart -->
        <test-method is-config="true" signature="closeNaaptol()[pri:0, instance:Test.CartTest@5fe94a96]" started-at="2024-06-28T14:56:21 IST" name="closeNaaptol" finished-at="2024-06-28T14:56:21 IST" duration-ms="114" status="PASS">
          <reporter-output>
          </reporter-output>
        </test-method> <!-- closeNaaptol -->
        <test-method is-config="true" signature="openApplication()[pri:0, instance:Test.CartTest@5fe94a96]" started-at="2024-06-28T14:56:21 IST" name="openApplication" finished-at="2024-06-28T14:56:31 IST" duration-ms="10067" status="PASS">
          <reporter-output>
          </reporter-output>
        </test-method> <!-- openApplication -->
        <test-method signature="verifyAddToCartFromOrderDeatils()[pri:0, instance:Test.CartTest@5fe94a96]" started-at="2024-06-28T14:56:31 IST" name="verifyAddToCartFromOrderDeatils" finished-at="2024-06-28T14:56:39 IST" duration-ms="8010" status="FAIL">
          <exception class="java.lang.AssertionError">
            <message>
              <![CDATA[expected [1999.0] but found [399.0]]]>
            </message>
            <full-stacktrace>
              <![CDATA[java.lang.AssertionError: expected [1999.0] but found [399.0]
at org.testng.Assert.fail(Assert.java:111)
at org.testng.Assert.failNotEquals(Assert.java:1578)
at org.testng.Assert.assertEquals(Assert.java:728)
at org.testng.Assert.assertEquals(Assert.java:775)
at Test.CartTest.verifyAddToCartFromOrderDeatils(CartTest.java:44)
at java.base/jdk.internal.reflect.DirectMethodHandleAccessor.invoke(DirectMethodHandleAccessor.java:103)
at java.base/java.lang.reflect.Method.invoke(Method.java:580)
at org.testng.internal.invokers.MethodInvocationHelper.invokeMethod(MethodInvocationHelper.java:141)
at org.testng.internal.invokers.TestInvoker.invokeMethod(TestInvoker.java:686)
at org.testng.internal.invokers.TestInvoker.invokeTestMethod(TestInvoker.java:230)
at org.testng.internal.invokers.MethodRunner.runInSequence(MethodRunner.java:63)
at org.testng.internal.invokers.TestInvoker$MethodInvocationAgent.invoke(TestInvoker.java:992)
at org.testng.internal.invokers.TestInvoker.invokeTestMethods(TestInvoker.java:203)
at org.testng.internal.invokers.TestMethodWorker.invokeTestMethods(TestMethodWorker.java:154)
at org.testng.internal.invokers.TestMethodWorker.run(TestMethodWorker.java:134)
at java.base/java.util.ArrayList.forEach(ArrayList.java:1596)
at org.testng.TestRunner.privateRun(TestRunner.java:739)
at org.testng.TestRunner.run(TestRunner.java:614)
at org.testng.SuiteRunner.runTest(SuiteRunner.java:421)
at org.testng.SuiteRunner.runSequentially(SuiteRunner.java:413)
at org.testng.SuiteRunner.privateRun(SuiteRunner.java:373)
at org.testng.SuiteRunner.run(SuiteRunner.java:312)
at org.testng.SuiteRunnerWorker.runSuite(SuiteRunnerWorker.java:52)
at org.testng.SuiteRunnerWorker.run(SuiteRunnerWorker.java:95)
at org.testng.TestNG.runSuitesSequentially(TestNG.java:1274)
at org.testng.TestNG.runSuitesLocally(TestNG.java:1208)
at org.testng.TestNG.runSuites(TestNG.java:1112)
at org.testng.TestNG.run(TestNG.java:1079)
at org.testng.remote.AbstractRemoteTestNG.run(AbstractRemoteTestNG.java:115)
at org.testng.remote.RemoteTestNG.initAndRun(RemoteTestNG.java:293)
at org.testng.remote.RemoteTestNG.main(RemoteTestNG.java:91)
]]>
            </full-stacktrace>
          </exception> <!-- java.lang.AssertionError -->
          <reporter-output>
          </reporter-output>
        </test-method> <!-- verifyAddToCartFromOrderDeatils -->
        <test-method is-config="true" signature="closeNaaptol()[pri:0, instance:Test.CartTest@5fe94a96]" started-at="2024-06-28T14:56:39 IST" name="closeNaaptol" finished-at="2024-06-28T14:56:40 IST" duration-ms="230" status="PASS">
          <reporter-output>
          </reporter-output>
        </test-method> <!-- closeNaaptol -->
        <test-method is-config="true" signature="openApplication()[pri:0, instance:Test.CartTest@5fe94a96]" started-at="2024-06-28T14:56:40 IST" name="openApplication" finished-at="2024-06-28T14:56:47 IST" duration-ms="6852" status="PASS">
          <reporter-output>
          </reporter-output>
        </test-method> <!-- openApplication -->
        <test-method signature="verifyAmountsInCart()[pri:0, instance:Test.CartTest@5fe94a96]" started-at="2024-06-28T14:56:47 IST" name="verifyAmountsInCart" finished-at="2024-06-28T14:57:03 IST" duration-ms="16070" status="PASS">
          <reporter-output>
          </reporter-output>
        </test-method> <!-- verifyAmountsInCart -->
        <test-method is-config="true" signature="closeNaaptol()[pri:0, instance:Test.CartTest@5fe94a96]" started-at="2024-06-28T14:57:03 IST" name="closeNaaptol" finished-at="2024-06-28T14:57:03 IST" duration-ms="175" status="PASS">
          <reporter-output>
          </reporter-output>
        </test-method> <!-- closeNaaptol -->
      </class> <!-- Test.CartTest -->
    </test> <!-- Default test -->
  </suite> <!-- Default suite -->
</testng-results>
